c:\users\kb\documents\2020-22_msc_games\gapro\sre_a2_wolf\build\project\assignment_2_wolf\exercise6-wolf3d.dir\debug\vc142.pdb
c:\users\kb\documents\2020-22_msc_games\gapro\sre_a2_wolf\build\project\assignment_2_wolf\exercise6-wolf3d.dir\debug\worldmap.obj
c:\users\kb\documents\2020-22_msc_games\gapro\sre_a2_wolf\build\project\assignment_2_wolf\exercise6-wolf3d.dir\debug\wolf3d.obj
c:\users\kb\documents\2020-22_msc_games\gapro\sre_a2_wolf\build\project\assignment_2_wolf\exercise6-wolf3d.dir\debug\firstpersoncontroller.obj
c:\users\kb\documents\2020-22_msc_games\gapro\sre_a2_wolf\build\project\assignment_2_wolf\cmakefiles\generate.stamp
c:\users\kb\documents\2020-22_msc_games\gapro\sre_a2_wolf\build\project\assignment_2_wolf\debug\exercise6-wolf3d.lib
c:\users\kb\documents\2020-22_msc_games\gapro\sre_a2_wolf\build\project\assignment_2_wolf\debug\exercise6-wolf3d.exp
c:\users\kb\documents\2020-22_msc_games\gapro\sre_a2_wolf\build\project\assignment_2_wolf\debug\exercise6-wolf3d.exe
c:\users\kb\documents\2020-22_msc_games\gapro\sre_a2_wolf\build\project\assignment_2_wolf\debug\exercise6-wolf3d.ilk
c:\users\kb\documents\2020-22_msc_games\gapro\sre_a2_wolf\build\project\assignment_2_wolf\debug\exercise6-wolf3d.pdb
c:\users\kb\documents\2020-22_msc_games\gapro\sre_a2_wolf\build\project\assignment_2_wolf\exercise6-wolf3d.dir\debug\exercise6-wolf3d.tlog\cl.command.1.tlog
c:\users\kb\documents\2020-22_msc_games\gapro\sre_a2_wolf\build\project\assignment_2_wolf\exercise6-wolf3d.dir\debug\exercise6-wolf3d.tlog\cl.read.1.tlog
c:\users\kb\documents\2020-22_msc_games\gapro\sre_a2_wolf\build\project\assignment_2_wolf\exercise6-wolf3d.dir\debug\exercise6-wolf3d.tlog\cl.write.1.tlog
c:\users\kb\documents\2020-22_msc_games\gapro\sre_a2_wolf\build\project\assignment_2_wolf\exercise6-wolf3d.dir\debug\exercise6-wolf3d.tlog\custombuild.command.1.tlog
c:\users\kb\documents\2020-22_msc_games\gapro\sre_a2_wolf\build\project\assignment_2_wolf\exercise6-wolf3d.dir\debug\exercise6-wolf3d.tlog\custombuild.read.1.tlog
c:\users\kb\documents\2020-22_msc_games\gapro\sre_a2_wolf\build\project\assignment_2_wolf\exercise6-wolf3d.dir\debug\exercise6-wolf3d.tlog\custombuild.write.1.tlog
c:\users\kb\documents\2020-22_msc_games\gapro\sre_a2_wolf\build\project\assignment_2_wolf\exercise6-wolf3d.dir\debug\exercise6-wolf3d.tlog\exercise6-wolf3d.write.1u.tlog
c:\users\kb\documents\2020-22_msc_games\gapro\sre_a2_wolf\build\project\assignment_2_wolf\exercise6-wolf3d.dir\debug\exercise6-wolf3d.tlog\link.command.1.tlog
c:\users\kb\documents\2020-22_msc_games\gapro\sre_a2_wolf\build\project\assignment_2_wolf\exercise6-wolf3d.dir\debug\exercise6-wolf3d.tlog\link.delete.1.tlog
c:\users\kb\documents\2020-22_msc_games\gapro\sre_a2_wolf\build\project\assignment_2_wolf\exercise6-wolf3d.dir\debug\exercise6-wolf3d.tlog\link.read.1.tlog
c:\users\kb\documents\2020-22_msc_games\gapro\sre_a2_wolf\build\project\assignment_2_wolf\exercise6-wolf3d.dir\debug\exercise6-wolf3d.tlog\link.write.1.tlog
