  Window.cpp
d:\csc8502 2018\nclgl\oglrenderer.h(35): fatal error C1083: Cannot open include file: 'Shader.h': No such file or directory
  Shader.cpp
c1xx : fatal error C1083: Cannot open source file: 'Shader.cpp': No such file or directory
  Quaternion.cpp
  OGLRenderer.cpp
d:\csc8502 2018\nclgl\oglrenderer.h(35): fatal error C1083: Cannot open include file: 'Shader.h': No such file or directory
  OBJMesh.cpp
d:\csc8502 2018\nclgl\objmesh.h(79): fatal error C1083: Cannot open include file: 'Mesh.h': No such file or directory
  Mouse.cpp
  Mesh.cpp
c1xx : fatal error C1083: Cannot open source file: 'Mesh.cpp': No such file or directory
  MD5Node.cpp
  MD5Mesh.cpp
  MD5FileData.cpp
  MD5Anim.cpp
  Matrix4.cpp
  Keyboard.cpp
  GameTimer.cpp
  Camera.cpp
d:\csc8502 2018\nclgl\oglrenderer.h(35): fatal error C1083: Cannot open include file: 'Shader.h': No such file or directory
  Generating Code...
