c:\users\kb\documents\2020-22_msc_games\gapro\sre_a2_wolf\build\submodules\simplerenderengine\src\sre.dir\debug\sre.pdb
c:\users\kb\documents\2020-22_msc_games\gapro\sre_a2_wolf\build\submodules\simplerenderengine\src\sre.dir\debug\vr.obj
c:\users\kb\documents\2020-22_msc_games\gapro\sre_a2_wolf\build\submodules\simplerenderengine\src\sre.dir\debug\texture.obj
c:\users\kb\documents\2020-22_msc_games\gapro\sre_a2_wolf\build\submodules\simplerenderengine\src\sre.dir\debug\spritebatch.obj
c:\users\kb\documents\2020-22_msc_games\gapro\sre_a2_wolf\build\submodules\simplerenderengine\src\sre.dir\debug\spriteatlas.obj
c:\users\kb\documents\2020-22_msc_games\gapro\sre_a2_wolf\build\submodules\simplerenderengine\src\sre.dir\debug\sprite.obj
c:\users\kb\documents\2020-22_msc_games\gapro\sre_a2_wolf\build\submodules\simplerenderengine\src\sre.dir\debug\skybox.obj
c:\users\kb\documents\2020-22_msc_games\gapro\sre_a2_wolf\build\submodules\simplerenderengine\src\sre.dir\debug\shader.obj
c:\users\kb\documents\2020-22_msc_games\gapro\sre_a2_wolf\build\submodules\simplerenderengine\src\sre.dir\debug\sdlrenderer.obj
c:\users\kb\documents\2020-22_msc_games\gapro\sre_a2_wolf\build\submodules\simplerenderengine\src\sre.dir\debug\resource.obj
c:\users\kb\documents\2020-22_msc_games\gapro\sre_a2_wolf\build\submodules\simplerenderengine\src\sre.dir\debug\renderer.obj
c:\users\kb\documents\2020-22_msc_games\gapro\sre_a2_wolf\build\submodules\simplerenderengine\src\sre.dir\debug\renderpass.obj
c:\users\kb\documents\2020-22_msc_games\gapro\sre_a2_wolf\build\submodules\simplerenderengine\src\sre.dir\debug\modelimporter.obj
c:\users\kb\documents\2020-22_msc_games\gapro\sre_a2_wolf\build\submodules\simplerenderengine\src\sre.dir\debug\mesh.obj
c:\users\kb\documents\2020-22_msc_games\gapro\sre_a2_wolf\build\submodules\simplerenderengine\src\sre.dir\debug\material.obj
c:\users\kb\documents\2020-22_msc_games\gapro\sre_a2_wolf\build\submodules\simplerenderengine\src\sre.dir\debug\log.obj
c:\users\kb\documents\2020-22_msc_games\gapro\sre_a2_wolf\build\submodules\simplerenderengine\src\sre.dir\debug\light.obj
c:\users\kb\documents\2020-22_msc_games\gapro\sre_a2_wolf\build\submodules\simplerenderengine\src\sre.dir\debug\inspector.obj
c:\users\kb\documents\2020-22_msc_games\gapro\sre_a2_wolf\build\submodules\simplerenderengine\src\sre.dir\debug\framebuffer.obj
c:\users\kb\documents\2020-22_msc_games\gapro\sre_a2_wolf\build\submodules\simplerenderengine\src\sre.dir\debug\color.obj
c:\users\kb\documents\2020-22_msc_games\gapro\sre_a2_wolf\build\submodules\simplerenderengine\src\sre.dir\debug\camera.obj
c:\users\kb\documents\2020-22_msc_games\gapro\sre_a2_wolf\build\submodules\simplerenderengine\src\sre.dir\debug\imgui_widgets.obj
c:\users\kb\documents\2020-22_msc_games\gapro\sre_a2_wolf\build\submodules\simplerenderengine\src\sre.dir\debug\imgui_draw.obj
c:\users\kb\documents\2020-22_msc_games\gapro\sre_a2_wolf\build\submodules\simplerenderengine\src\sre.dir\debug\imgui.obj
c:\users\kb\documents\2020-22_msc_games\gapro\sre_a2_wolf\build\submodules\simplerenderengine\src\sre.dir\debug\texteditor.obj
c:\users\kb\documents\2020-22_msc_games\gapro\sre_a2_wolf\build\submodules\simplerenderengine\src\sre.dir\debug\uniformset.obj
c:\users\kb\documents\2020-22_msc_games\gapro\sre_a2_wolf\build\submodules\simplerenderengine\src\sre.dir\debug\gl.obj
c:\users\kb\documents\2020-22_msc_games\gapro\sre_a2_wolf\build\submodules\simplerenderengine\src\sre.dir\debug\imgui_sre.obj
c:\users\kb\documents\2020-22_msc_games\gapro\sre_a2_wolf\build\submodules\simplerenderengine\src\sre.dir\debug\worldlights.obj
c:\users\kb\documents\2020-22_msc_games\gapro\sre_a2_wolf\build\submodules\simplerenderengine\src\cmakefiles\generate.stamp
c:\users\kb\documents\2020-22_msc_games\gapro\sre_a2_wolf\build\submodules\simplerenderengine\src\debug\sre.lib
c:\users\kb\documents\2020-22_msc_games\gapro\sre_a2_wolf\build\submodules\simplerenderengine\src\sre.dir\debug\sre.tlog\cl.command.1.tlog
c:\users\kb\documents\2020-22_msc_games\gapro\sre_a2_wolf\build\submodules\simplerenderengine\src\sre.dir\debug\sre.tlog\cl.read.1.tlog
c:\users\kb\documents\2020-22_msc_games\gapro\sre_a2_wolf\build\submodules\simplerenderengine\src\sre.dir\debug\sre.tlog\cl.write.1.tlog
c:\users\kb\documents\2020-22_msc_games\gapro\sre_a2_wolf\build\submodules\simplerenderengine\src\sre.dir\debug\sre.tlog\custombuild.command.1.tlog
c:\users\kb\documents\2020-22_msc_games\gapro\sre_a2_wolf\build\submodules\simplerenderengine\src\sre.dir\debug\sre.tlog\custombuild.read.1.tlog
c:\users\kb\documents\2020-22_msc_games\gapro\sre_a2_wolf\build\submodules\simplerenderengine\src\sre.dir\debug\sre.tlog\custombuild.write.1.tlog
c:\users\kb\documents\2020-22_msc_games\gapro\sre_a2_wolf\build\submodules\simplerenderengine\src\sre.dir\debug\sre.tlog\lib-link.read.1.tlog
c:\users\kb\documents\2020-22_msc_games\gapro\sre_a2_wolf\build\submodules\simplerenderengine\src\sre.dir\debug\sre.tlog\lib-link.write.1.tlog
c:\users\kb\documents\2020-22_msc_games\gapro\sre_a2_wolf\build\submodules\simplerenderengine\src\sre.dir\debug\sre.tlog\lib.command.1.tlog
